#
# A fatal error has been detected by the Java Runtime Environment:
#
#  EXCEPTION_ACCESS_VIOLATION (0xc0000005) at pc=0x00000000527166dc, pid=6284, tid=6368
#
# JRE version: 7.0_25-b17
# Java VM: Java HotSpot(TM) 64-Bit Server VM (23.25-b01 mixed mode windows-amd64 compressed oops)
# Problematic frame:
# V  [jvm.dll+0xf66dc]
#
# Failed to write core dump. Minidumps are not enabled by default on client versions of Windows
#
# If you would like to submit a bug report, please visit:
#   http://bugreport.sun.com/bugreport/crash.jsp
#

---------------  T H R E A D  ---------------

Current thread (0x000000000e3f6000):  JavaThread "AWT-EventQueue-0" [_thread_in_vm, id=6368, stack(0x000000000ef70000,0x000000000f070000)]

siginfo: ExceptionCode=0xc0000005, reading address 0x0000000000000000

Registers:
RAX=0x0000000000000000, RBX=0x000000000e3f6000, RCX=0x0000000000000600, RDX=0x0000000000000000
RSP=0x000000000f06cd70, RBP=0x000000000f06d250, RSI=0x000000000e3f61d8, RDI=0x0000000000000000
R8 =0x0000000000000500, R9 =0x000000000f96a890, R10=0x00007ffcd9580000, R11=0x000000000f06ccc0
R12=0x0000000000000000, R13=0x000000077d7d9618, R14=0x000000000f06d288, R15=0x000000000e3f6000
RIP=0x00000000527166dc, EFLAGS=0x0000000000010202

Top of Stack: (sp=0x000000000f06cd70)
0x000000000f06cd70:   0000000000000000 000000000f06d250
0x000000000f06cd80:   000000000f96a778 00007ffcd7031cbc
0x000000000f06cd90:   000000000e3f6000 0000000000000000
0x000000000f06cda0:   000000077d6d0e30 000000000f96a778
0x000000000f06cdb0:   0000000002386473 000000006a44cffc
0x000000000f06cdc0:   000000000f96a778 000000000f06d250
0x000000000f06cdd0:   000000077d6d0e30 000000000f06d250
0x000000000f06cde0:   0000000000000000 000000006a42cc09
0x000000000f06cdf0:   000000000f06ce80 00000000008fe9b0
0x000000000f06ce00:   000000000f96a8c0 000000000f96a8c0
0x000000000f06ce10:   000000000f06d050 000000000f06d050
0x000000000f06ce20:   000000000f967190 000000000f9671a0
0x000000000f06ce30:   000000000f06cfa0 0000000000000005
0x000000000f06ce40:   000000077d7d9620 000000077d6d0e30
0x000000000f06ce50:   00000000000000e8 0000000002386473
0x000000000f06ce60:   000000006a477c80 000000006a479fac 

Instructions: (pc=0x00000000527166dc)
0x00000000527166bc:   89 5c 24 20 48 c7 44 24 28 00 00 00 00 74 0a 48
0x00000000527166cc:   8d 4c 24 20 e8 9b 01 10 00 80 3d bc 66 5a 00 00
0x00000000527166dc:   48 8b 17 74 15 8b 52 08 8b 0d 2e 4e 55 00 48 d3
0x00000000527166ec:   e2 48 03 15 1c 4e 55 00 eb 04 48 8b 52 08 48 8b 


Register to memory mapping:

RAX=0x0000000000000000 is an unknown value
RBX=0x000000000e3f6000 is a thread
RCX=0x0000000000000600 is an unknown value
RDX=0x0000000000000000 is an unknown value
RSP=0x000000000f06cd70 is pointing into the stack for thread: 0x000000000e3f6000
RBP=0x000000000f06d250 is pointing into the stack for thread: 0x000000000e3f6000
RSI=0x000000000e3f61d8 is an unknown value
RDI=0x0000000000000000 is an unknown value
R8 =0x0000000000000500 is an unknown value
R9 =0x000000000f96a890 is an unknown value
R10=0x00007ffcd9580000 is an unknown value
R11=0x000000000f06ccc0 is pointing into the stack for thread: 0x000000000e3f6000
R12=0x0000000000000000 is an unknown value
R13=0x000000077d7d9618 is an oop
{constMethod} 
 - klass: {other class}
 - method:       0x000000077d7d9620 {method} 'nativeExtract' '([IZLnet/sf/sevenzipjbinding/IArchiveExtractCallback;)V' in 'net/sf/sevenzipjbinding/impl/InArchiveImpl'
 - exceptions:   0x000000077ce01d50
R14=0x000000000f06d288 is pointing into the stack for thread: 0x000000000e3f6000
R15=0x000000000e3f6000 is a thread


Stack: [0x000000000ef70000,0x000000000f070000],  sp=0x000000000f06cd70,  free space=1011k
Native frames: (J=compiled Java code, j=interpreted, Vv=VM code, C=native code)
V  [jvm.dll+0xf66dc]
j  net.sf.sevenzipjbinding.impl.InArchiveImpl.extract([IZLnet/sf/sevenzipjbinding/IArchiveExtractCallback;)V+4
j  net.jamcraft.launcher.JamCraftDownload.extractArchive(Ljava/io/File;)V+28
j  net.jamcraft.launcher.JamCraftLauncher$2.actionPerformed(Ljava/awt/event/ActionEvent;)V+38
j  javax.swing.AbstractButton.fireActionPerformed(Ljava/awt/event/ActionEvent;)V+84
j  javax.swing.AbstractButton$Handler.actionPerformed(Ljava/awt/event/ActionEvent;)V+5
j  javax.swing.DefaultButtonModel.fireActionPerformed(Ljava/awt/event/ActionEvent;)V+35
j  javax.swing.DefaultButtonModel.setPressed(Z)V+117
j  javax.swing.plaf.basic.BasicButtonListener.mouseReleased(Ljava/awt/event/MouseEvent;)V+35
j  java.awt.Component.processMouseEvent(Ljava/awt/event/MouseEvent;)V+64
j  javax.swing.JComponent.processMouseEvent(Ljava/awt/event/MouseEvent;)V+23
j  java.awt.Component.processEvent(Ljava/awt/AWTEvent;)V+81
j  java.awt.Container.processEvent(Ljava/awt/AWTEvent;)V+18
j  java.awt.Component.dispatchEventImpl(Ljava/awt/AWTEvent;)V+581
j  java.awt.Container.dispatchEventImpl(Ljava/awt/AWTEvent;)V+42
j  java.awt.Component.dispatchEvent(Ljava/awt/AWTEvent;)V+2
j  java.awt.LightweightDispatcher.retargetMouseEvent(Ljava/awt/Component;ILjava/awt/event/MouseEvent;)V+327
j  java.awt.LightweightDispatcher.processMouseEvent(Ljava/awt/event/MouseEvent;)Z+139
j  java.awt.LightweightDispatcher.dispatchEvent(Ljava/awt/AWTEvent;)Z+50
j  java.awt.Container.dispatchEventImpl(Ljava/awt/AWTEvent;)V+12
j  java.awt.Window.dispatchEventImpl(Ljava/awt/AWTEvent;)V+19
j  java.awt.Component.dispatchEvent(Ljava/awt/AWTEvent;)V+2
j  java.awt.EventQueue.dispatchEventImpl(Ljava/awt/AWTEvent;Ljava/lang/Object;)V+41
j  java.awt.EventQueue.access$200(Ljava/awt/EventQueue;Ljava/awt/AWTEvent;Ljava/lang/Object;)V+3
j  java.awt.EventQueue$3.run()Ljava/lang/Void;+12
j  java.awt.EventQueue$3.run()Ljava/lang/Object;+1
v  ~StubRoutines::call_stub

Java frames: (J=compiled Java code, j=interpreted, Vv=VM code)
j  net.sf.sevenzipjbinding.impl.InArchiveImpl.nativeExtract([IZLnet/sf/sevenzipjbinding/IArchiveExtractCallback;)V+0
j  net.sf.sevenzipjbinding.impl.InArchiveImpl.extract([IZLnet/sf/sevenzipjbinding/IArchiveExtractCallback;)V+4
j  net.jamcraft.launcher.JamCraftDownload.extractArchive(Ljava/io/File;)V+28
j  net.jamcraft.launcher.JamCraftLauncher$2.actionPerformed(Ljava/awt/event/ActionEvent;)V+38
j  javax.swing.AbstractButton.fireActionPerformed(Ljava/awt/event/ActionEvent;)V+84
j  javax.swing.AbstractButton$Handler.actionPerformed(Ljava/awt/event/ActionEvent;)V+5
j  javax.swing.DefaultButtonModel.fireActionPerformed(Ljava/awt/event/ActionEvent;)V+35
j  javax.swing.DefaultButtonModel.setPressed(Z)V+117
j  javax.swing.plaf.basic.BasicButtonListener.mouseReleased(Ljava/awt/event/MouseEvent;)V+35
j  java.awt.Component.processMouseEvent(Ljava/awt/event/MouseEvent;)V+64
j  javax.swing.JComponent.processMouseEvent(Ljava/awt/event/MouseEvent;)V+23
j  java.awt.Component.processEvent(Ljava/awt/AWTEvent;)V+81
j  java.awt.Container.processEvent(Ljava/awt/AWTEvent;)V+18
j  java.awt.Component.dispatchEventImpl(Ljava/awt/AWTEvent;)V+581
j  java.awt.Container.dispatchEventImpl(Ljava/awt/AWTEvent;)V+42
j  java.awt.Component.dispatchEvent(Ljava/awt/AWTEvent;)V+2
j  java.awt.LightweightDispatcher.retargetMouseEvent(Ljava/awt/Component;ILjava/awt/event/MouseEvent;)V+327
j  java.awt.LightweightDispatcher.processMouseEvent(Ljava/awt/event/MouseEvent;)Z+139
j  java.awt.LightweightDispatcher.dispatchEvent(Ljava/awt/AWTEvent;)Z+50
j  java.awt.Container.dispatchEventImpl(Ljava/awt/AWTEvent;)V+12
j  java.awt.Window.dispatchEventImpl(Ljava/awt/AWTEvent;)V+19
j  java.awt.Component.dispatchEvent(Ljava/awt/AWTEvent;)V+2
j  java.awt.EventQueue.dispatchEventImpl(Ljava/awt/AWTEvent;Ljava/lang/Object;)V+41
j  java.awt.EventQueue.access$200(Ljava/awt/EventQueue;Ljava/awt/AWTEvent;Ljava/lang/Object;)V+3
j  java.awt.EventQueue$3.run()Ljava/lang/Void;+12
j  java.awt.EventQueue$3.run()Ljava/lang/Object;+1
v  ~StubRoutines::call_stub
j  java.security.AccessController.doPrivileged(Ljava/security/PrivilegedAction;Ljava/security/AccessControlContext;)Ljava/lang/Object;+0
j  java.security.ProtectionDomain$1.doIntersectionPrivilege(Ljava/security/PrivilegedAction;Ljava/security/AccessControlContext;Ljava/security/AccessControlContext;)Ljava/lang/Object;+28
j  java.security.ProtectionDomain$1.doIntersectionPrivilege(Ljava/security/PrivilegedAction;Ljava/security/AccessControlContext;)Ljava/lang/Object;+6
j  java.awt.EventQueue$4.run()Ljava/lang/Void;+11
j  java.awt.EventQueue$4.run()Ljava/lang/Object;+1
v  ~StubRoutines::call_stub
j  java.security.AccessController.doPrivileged(Ljava/security/PrivilegedAction;Ljava/security/AccessControlContext;)Ljava/lang/Object;+0
j  java.security.ProtectionDomain$1.doIntersectionPrivilege(Ljava/security/PrivilegedAction;Ljava/security/AccessControlContext;Ljava/security/AccessControlContext;)Ljava/lang/Object;+28
j  java.awt.EventQueue.dispatchEvent(Ljava/awt/AWTEvent;)V+73
j  java.awt.EventDispatchThread.pumpOneEventForFilters(I)V+245
j  java.awt.EventDispatchThread.pumpEventsForFilter(ILjava/awt/Conditional;Ljava/awt/EventFilter;)V+35
j  java.awt.EventDispatchThread.pumpEventsForHierarchy(ILjava/awt/Conditional;Ljava/awt/Component;)V+11
j  java.awt.EventDispatchThread.pumpEvents(ILjava/awt/Conditional;)V+4
j  java.awt.EventDispatchThread.pumpEvents(Ljava/awt/Conditional;)V+3
j  java.awt.EventDispatchThread.run()V+9
v  ~StubRoutines::call_stub

---------------  P R O C E S S  ---------------

Java Threads: ( => current thread )
  0x000000000e5f1000 JavaThread "TimerQueue" daemon [_thread_blocked, id=11312, stack(0x000000000fea0000,0x000000000ffa0000)]
  0x0000000002280800 JavaThread "DestroyJavaVM" [_thread_blocked, id=10888, stack(0x00000000020e0000,0x00000000021e0000)]
=>0x000000000e3f6000 JavaThread "AWT-EventQueue-0" [_thread_in_vm, id=6368, stack(0x000000000ef70000,0x000000000f070000)]
  0x000000000e3f1000 JavaThread "AWT-Windows" daemon [_thread_in_native, id=10664, stack(0x000000000ed60000,0x000000000ee60000)]
  0x000000000e3f0800 JavaThread "AWT-Shutdown" [_thread_blocked, id=10692, stack(0x000000000ec60000,0x000000000ed60000)]
  0x000000000e3ed800 JavaThread "Java2D Disposer" daemon [_thread_blocked, id=8292, stack(0x000000000eb60000,0x000000000ec60000)]
  0x000000000b6f3800 JavaThread "Service Thread" daemon [_thread_blocked, id=9500, stack(0x000000000e180000,0x000000000e280000)]
  0x000000000b6f2800 JavaThread "C2 CompilerThread1" daemon [_thread_blocked, id=12152, stack(0x000000000e080000,0x000000000e180000)]
  0x000000000b6f1000 JavaThread "C2 CompilerThread0" daemon [_thread_blocked, id=13088, stack(0x000000000df80000,0x000000000e080000)]
  0x000000000b6e1000 JavaThread "JDWP Command Reader" daemon [_thread_in_native, id=3924, stack(0x000000000de80000,0x000000000df80000)]
  0x000000000b6e0000 JavaThread "JDWP Event Helper Thread" daemon [_thread_blocked, id=2372, stack(0x000000000dd80000,0x000000000de80000)]
  0x000000000b6cb000 JavaThread "JDWP Transport Listener: dt_socket" daemon [_thread_blocked, id=11156, stack(0x000000000dc80000,0x000000000dd80000)]
  0x000000000b6c2800 JavaThread "Attach Listener" daemon [_thread_blocked, id=12076, stack(0x000000000d7e0000,0x000000000d8e0000)]
  0x000000000b6bd800 JavaThread "Signal Dispatcher" daemon [_thread_blocked, id=10160, stack(0x000000000d6e0000,0x000000000d7e0000)]
  0x000000000b661800 JavaThread "Finalizer" daemon [_thread_blocked, id=8312, stack(0x000000000d5e0000,0x000000000d6e0000)]
  0x000000000b65a800 JavaThread "Reference Handler" daemon [_thread_blocked, id=3124, stack(0x000000000d4e0000,0x000000000d5e0000)]

Other Threads:
  0x000000000b650000 VMThread [stack: 0x000000000d3e0000,0x000000000d4e0000] [id=7412]
  0x000000000e298800 WatcherThread [stack: 0x000000000e680000,0x000000000e780000] [id=2676]

VM state:not at safepoint (normal execution)

VM Mutex/Monitor currently owned by a thread: None

Heap
 PSYoungGen      total 37632K, used 27430K [0x00000007d6000000, 0x00000007d8a00000, 0x0000000800000000)
  eden space 32256K, 85% used [0x00000007d6000000,0x00000007d7ac9b38,0x00000007d7f80000)
  from space 5376K, 0% used [0x00000007d84c0000,0x00000007d84c0000,0x00000007d8a00000)
  to   space 5376K, 0% used [0x00000007d7f80000,0x00000007d7f80000,0x00000007d84c0000)
 ParOldGen       total 86016K, used 0K [0x0000000782000000, 0x0000000787400000, 0x00000007d6000000)
  object space 86016K, 0% used [0x0000000782000000,0x0000000782000000,0x0000000787400000)
 PSPermGen       total 21248K, used 10114K [0x000000077ce00000, 0x000000077e2c0000, 0x0000000782000000)
  object space 21248K, 47% used [0x000000077ce00000,0x000000077d7e0be8,0x000000077e2c0000)

Card table byte_map: [0x0000000005440000,0x0000000005860000] byte_map_base: 0x0000000001859000

Polling page: 0x00000000008e0000

Code Cache  [0x0000000002380000, 0x00000000025f0000, 0x0000000005380000)
 total_blobs=416 nmethods=9 adapters=367 free_code_cache=48636Kb largest_free_block=49788672

Compilation events (10 events):
Event: 0.740 Thread 0x000000000b6f1000    5             java.lang.String::equals (81 bytes)
Event: 0.748 Thread 0x000000000b6f1000 nmethod 5 0x00000000023f8f90 code [0x00000000023f90e0, 0x00000000023f93d8]
Event: 0.754 Thread 0x000000000b6f2800    6             java.lang.String::indexOf (70 bytes)
Event: 0.759 Thread 0x000000000b6f2800 nmethod 6 0x00000000023f7590 code [0x00000000023f76e0, 0x00000000023f78c8]
Event: 0.848 Thread 0x000000000b6f1000    7             java.nio.HeapByteBuffer::_get (7 bytes)
Event: 0.850 Thread 0x000000000b6f1000 nmethod 7 0x00000000023f7a90 code [0x00000000023f7bc0, 0x00000000023f7c98]
Event: 0.944 Thread 0x000000000b6f2800    8             java.util.Arrays::binarySearch0 (95 bytes)
Event: 0.954 Thread 0x000000000b6f2800 nmethod 8 0x0000000002401b90 code [0x0000000002401ce0, 0x0000000002402118]
Event: 15.467 Thread 0x000000000b6f1000    9             java.lang.String::indexOf (166 bytes)
Event: 15.481 Thread 0x000000000b6f1000 nmethod 9 0x0000000002404050 code [0x00000000024041a0, 0x0000000002404658]

GC Heap History (0 events):
No events

Deoptimization events (0 events):
No events

Internal exceptions (10 events):
Event: 78.695 Thread 0x000000000e3f6000 Threw 0x00000007d6434540 at C:\jdk7u2_64p\jdk7u25\hotspot\src\share\vm\prims\jvm.cpp:1235
Event: 78.698 Thread 0x000000000e3f6000 Threw 0x00000007d6437a50 at C:\jdk7u2_64p\jdk7u25\hotspot\src\share\vm\prims\jvm.cpp:1235
Event: 78.892 Thread 0x000000000e3f6000 Threw 0x00000007d766fb18 at C:\jdk7u2_64p\jdk7u25\hotspot\src\share\vm\prims\jvm.cpp:1235
Event: 78.894 Thread 0x000000000e3f6000 Threw 0x00000007d76761f0 at C:\jdk7u2_64p\jdk7u25\hotspot\src\share\vm\prims\jvm.cpp:1235
Event: 78.897 Thread 0x000000000e3f6000 Threw 0x00000007d7a2a5c0 at C:\jdk7u2_64p\jdk7u25\hotspot\src\share\vm\prims\jvm.cpp:1235
Event: 78.899 Thread 0x000000000e3f6000 Threw 0x00000007d7a2de70 at C:\jdk7u2_64p\jdk7u25\hotspot\src\share\vm\prims\jvm.cpp:1235
Event: 78.901 Thread 0x000000000e3f6000 Threw 0x00000007d7a31368 at C:\jdk7u2_64p\jdk7u25\hotspot\src\share\vm\prims\jvm.cpp:1235
Event: 78.903 Thread 0x000000000e3f6000 Threw 0x00000007d7a34448 at C:\jdk7u2_64p\jdk7u25\hotspot\src\share\vm\prims\jvm.cpp:1235
Event: 81.464 Thread 0x000000000e3f6000 Threw 0x00000007d7a398e8 at C:\jdk7u2_64p\jdk7u25\hotspot\src\share\vm\prims\jvm.cpp:1235
Event: 81.466 Thread 0x000000000e3f6000 Threw 0x00000007d7a3cd80 at C:\jdk7u2_64p\jdk7u25\hotspot\src\share\vm\prims\jvm.cpp:1235

Events (10 events):
Event: 81.462 Executing VM operation: GetCurrentLocation
Event: 81.462 Executing VM operation: GetCurrentLocation done
Event: 81.462 Executing VM operation: ChangeSingleStep
Event: 81.462 Executing VM operation: ChangeSingleStep done
Event: 81.463 Executing VM operation: ChangeSingleStep
Event: 81.463 Executing VM operation: ChangeSingleStep done
Event: 81.463 loading class 0x000000000e595ee0
Event: 81.463 loading class 0x000000000e595ee0 done
Event: 81.466 loading class 0x000000000e595b20
Event: 81.466 loading class 0x000000000e595b20 done


Dynamic libraries:
0x00007ff6b5380000 - 0x00007ff6b53b3000 	C:\Program Files\Java\jre7\bin\javaw.exe
0x00007ffcd9580000 - 0x00007ffcd9729000 	C:\WINDOWS\SYSTEM32\ntdll.dll
0x00007ffcd73a0000 - 0x00007ffcd74d9000 	C:\WINDOWS\system32\KERNEL32.DLL
0x00007ffcd6d00000 - 0x00007ffcd6e0e000 	C:\WINDOWS\system32\KERNELBASE.dll
0x00007ffcd5510000 - 0x00007ffcd559b000 	C:\WINDOWS\system32\apphelp.dll
0x00007ffccb1f0000 - 0x00007ffccb23f000 	C:\WINDOWS\AppPatch\AppPatch64\AcGenral.DLL
0x00007ffcd7030000 - 0x00007ffcd70d7000 	C:\WINDOWS\system32\msvcrt.dll
0x00007ffcd67b0000 - 0x00007ffcd67db000 	C:\WINDOWS\SYSTEM32\SspiCli.dll
0x00007ffcd8d40000 - 0x00007ffcd8d91000 	C:\WINDOWS\system32\SHLWAPI.dll
0x00007ffcd74e0000 - 0x00007ffcd7651000 	C:\WINDOWS\system32\USER32.dll
0x00007ffcd8e50000 - 0x00007ffcd8fc6000 	C:\WINDOWS\system32\ole32.dll
0x00007ffcd7930000 - 0x00007ffcd8d3f000 	C:\WINDOWS\system32\SHELL32.dll
0x00007ffcd5f90000 - 0x00007ffcd5faf000 	C:\WINDOWS\SYSTEM32\USERENV.dll
0x00007ffcd8da0000 - 0x00007ffcd8e45000 	C:\WINDOWS\system32\ADVAPI32.dll
0x00007ffcd1600000 - 0x00007ffcd161b000 	C:\WINDOWS\SYSTEM32\MPR.dll
0x00007ffcd6ed0000 - 0x00007ffcd7006000 	C:\WINDOWS\system32\RPCRT4.dll
0x00007ffcd7870000 - 0x00007ffcd78c7000 	C:\WINDOWS\SYSTEM32\sechost.dll
0x00007ffcd9340000 - 0x00007ffcd9517000 	C:\WINDOWS\SYSTEM32\combase.dll
0x00007ffcd7100000 - 0x00007ffcd7245000 	C:\WINDOWS\system32\GDI32.dll
0x00007ffcd6900000 - 0x00007ffcd6914000 	C:\WINDOWS\SYSTEM32\profapi.dll
0x00007ffcd4f30000 - 0x00007ffcd4fd1000 	C:\WINDOWS\SYSTEM32\SHCORE.dll
0x00007ffcd8fd0000 - 0x00007ffcd9004000 	C:\WINDOWS\system32\IMM32.DLL
0x00007ffcd9010000 - 0x00007ffcd9148000 	C:\WINDOWS\system32\MSCTF.dll
0x00007ffcd4710000 - 0x00007ffcd496a000 	C:\WINDOWS\WinSxS\amd64_microsoft.windows.common-controls_6595b64144ccf1df_6.0.9600.16384_none_62475f7becb72503\COMCTL32.dll
0x0000000052d30000 - 0x0000000052e01000 	C:\Program Files\Java\jre7\bin\msvcr100.dll
0x0000000052620000 - 0x0000000052d2f000 	C:\Program Files\Java\jre7\bin\server\jvm.dll
0x00007ffcd15f0000 - 0x00007ffcd15f9000 	C:\WINDOWS\SYSTEM32\WSOCK32.dll
0x00007ffccec80000 - 0x00007ffccec9f000 	C:\WINDOWS\SYSTEM32\WINMM.dll
0x00007ffcd7660000 - 0x00007ffcd7667000 	C:\WINDOWS\system32\PSAPI.DLL
0x00007ffcd7810000 - 0x00007ffcd7868000 	C:\WINDOWS\system32\WS2_32.dll
0x00007ffcceb70000 - 0x00007ffcceb9a000 	C:\WINDOWS\SYSTEM32\WINMMBASE.dll
0x00007ffcd9150000 - 0x00007ffcd9159000 	C:\WINDOWS\system32\NSI.dll
0x00007ffcd6bb0000 - 0x00007ffcd6bfa000 	C:\WINDOWS\SYSTEM32\cfgmgr32.dll
0x00007ffcd5640000 - 0x00007ffcd5666000 	C:\WINDOWS\SYSTEM32\DEVOBJ.dll
0x0000000053f70000 - 0x0000000053f7f000 	C:\Program Files\Java\jre7\bin\verify.dll
0x0000000052f40000 - 0x0000000052f68000 	C:\Program Files\Java\jre7\bin\java.dll
0x0000000052e40000 - 0x0000000052e75000 	C:\Program Files\Java\jre7\bin\jdwp.dll
0x0000000053f60000 - 0x0000000053f68000 	C:\Program Files\Java\jre7\bin\npt.dll
0x0000000052f20000 - 0x0000000052f35000 	C:\Program Files\Java\jre7\bin\zip.dll
0x0000000052e30000 - 0x0000000052e39000 	C:\Program Files\Java\jre7\bin\dt_socket.dll
0x00007ffccdb80000 - 0x00007ffccdb94000 	C:\WINDOWS\system32\napinsp.dll
0x00007ffccd4a0000 - 0x00007ffccd4b9000 	C:\WINDOWS\system32\pnrpnsp.dll
0x00007ffcd1e10000 - 0x00007ffcd1e29000 	C:\WINDOWS\system32\NLAapi.dll
0x00007ffcd6230000 - 0x00007ffcd6288000 	C:\WINDOWS\System32\mswsock.dll
0x00007ffcd6040000 - 0x00007ffcd60e3000 	C:\WINDOWS\SYSTEM32\DNSAPI.dll
0x00007ffccd490000 - 0x00007ffccd49c000 	C:\WINDOWS\System32\winrnr.dll
0x0000000054fe0000 - 0x0000000055006000 	C:\Program Files\Bonjour\mdnsNSP.dll
0x00007ffcd1730000 - 0x00007ffcd1759000 	C:\WINDOWS\SYSTEM32\Iphlpapi.DLL
0x00007ffcd1720000 - 0x00007ffcd172a000 	C:\WINDOWS\SYSTEM32\WINNSI.DLL
0x00007ffccd470000 - 0x00007ffccd483000 	C:\WINDOWS\system32\wshbth.dll
0x00007ffcd0530000 - 0x00007ffcd0597000 	C:\WINDOWS\System32\fwpuclnt.dll
0x00007ffccd460000 - 0x00007ffccd469000 	C:\Windows\System32\rasadhlp.dll
0x0000000052480000 - 0x0000000052615000 	C:\Program Files\Java\jre7\bin\awt.dll
0x00007ffcd6e10000 - 0x00007ffcd6ec7000 	C:\WINDOWS\system32\OLEAUT32.dll
0x00007ffcd5670000 - 0x00007ffcd5792000 	C:\WINDOWS\system32\uxtheme.dll
0x00007ffcd4980000 - 0x00007ffcd49a1000 	C:\WINDOWS\system32\dwmapi.dll
0x00007ffcd5630000 - 0x00007ffcd563a000 	C:\WINDOWS\SYSTEM32\kernel.appcore.dll
0x00007ffcd6840000 - 0x00007ffcd684a000 	C:\WINDOWS\SYSTEM32\CRYPTBASE.dll
0x00007ffcd67e0000 - 0x00007ffcd683e000 	C:\WINDOWS\SYSTEM32\bcryptPrimitives.dll
0x0000000052440000 - 0x000000005247f000 	C:\Program Files\Java\jre7\bin\fontmanager.dll
0x00007ffcd72f0000 - 0x00007ffcd7394000 	C:\WINDOWS\SYSTEM32\clbcatq.dll
0x00007ffcd4bc0000 - 0x00007ffcd4d53000 	C:\WINDOWS\SYSTEM32\WindowsCodecs.dll
0x00007ffcd6290000 - 0x00007ffcd62ae000 	C:\WINDOWS\SYSTEM32\CRYPTSP.dll
0x00007ffcd5e80000 - 0x00007ffcd5eb5000 	C:\WINDOWS\system32\rsaenh.dll
0x00007ffcd64c0000 - 0x00007ffcd64e6000 	C:\WINDOWS\SYSTEM32\bcrypt.dll
0x0000000052f00000 - 0x0000000052f19000 	C:\Program Files\Java\jre7\bin\net.dll
0x0000000052ee0000 - 0x0000000052ef1000 	C:\Program Files\Java\jre7\bin\nio.dll
0x00000000523f0000 - 0x0000000052431000 	C:\Program Files\Java\jre7\bin\t2k.dll
0x000000006cec0000 - 0x000000006cf41000 	C:\Users\jamesthollowell\AppData\Local\Temp\SevenZipJBinding-FKPz9\libgcc_s_sjlj-1.dll
0x000000006a2c0000 - 0x000000006a5d7000 	C:\Users\jamesthollowell\AppData\Local\Temp\SevenZipJBinding-FKPz9\lib7-Zip-JBinding.dll
0x00007ffccd110000 - 0x00007ffccd298000 	C:\WINDOWS\SYSTEM32\dbghelp.dll

VM Arguments:
jvm_args: -agentlib:jdwp=transport=dt_socket,suspend=y,address=localhost:55378 -Dfile.encoding=Cp1252 
java_command: net.jamcraft.launcher.JamCraftLauncher
Launcher Type: SUN_STANDARD

Environment Variables:
JAVA_HOME=C:\Program Files\Java\jdk1.7.0_25
PATH=c:\Program Files (x86)\Intel\iCLS Client\;c:\Program Files\Intel\iCLS Client\;C:\WINDOWS\system32;C:\WINDOWS;C:\WINDOWS\System32\Wbem;C:\WINDOWS\System32\WindowsPowerShell\v1.0\;c:\Program Files (x86)\ATI Technologies\ATI.ACE\Core-Static;C:\Program Files\Intel\Intel(R) Management Engine Components\DAL;C:\Program Files\Intel\Intel(R) Management Engine Components\IPT;C:\Program Files (x86)\Intel\Intel(R) Management Engine Components\DAL;C:\Program Files (x86)\Intel\Intel(R) Management Engine Components\IPT;C:\Program Files (x86)\Windows Live\Shared;c:\Program Files (x86)\Microsoft SQL Server\100\Tools\Binn\;c:\Program Files\Microsoft SQL Server\100\Tools\Binn\;c:\Program Files\Microsoft SQL Server\100\DTS\Binn\;C:\Program Files\Microsoft\Web Platform Installer\;C:\Program Files (x86)\Microsoft ASP.NET\ASP.NET Web Pages\v1.0\;C:\Program Files (x86)\Windows Kits\8.0\Windows Performance Toolkit\;C:\Program Files\Microsoft SQL Server\110\Tools\Binn\;C:\cygwin;C:\Program Files\Intel\WiFi\bin\;C:\Program Files\Common Files\Intel\WirelessCommon\;C:\Program Files (x86)\Git\cmd;C:\Users\jamesthollowell\executables (DONT TOUCH)\gradle1.9\bin;C:\Program Files\Intel\WiFi\bin\;C:\Program Files\Common Files\Intel\WirelessCommon\;C:\Users\jamesthollowell\executables (DONT TOUCH)\apache-ant-1.9.2\bin
USERNAME=jthollo
OS=Windows_NT
PROCESSOR_IDENTIFIER=Intel64 Family 6 Model 58 Stepping 9, GenuineIntel



---------------  S Y S T E M  ---------------

OS: Windows 8 , 64 bit Build 9200 

CPU:total 8 (4 cores per cpu, 2 threads per core) family 6 model 58 stepping 9, cmov, cx8, fxsr, mmx, sse, sse2, sse3, ssse3, sse4.1, sse4.2, popcnt, avx, ht, tsc, tscinvbit, tscinv

Memory: 4k page, physical 8254740k(4033036k free), swap 16643348k(10981340k free)

vm_info: Java HotSpot(TM) 64-Bit Server VM (23.25-b01) for windows-amd64 JRE (1.7.0_25-b17), built on Jun 21 2013 12:58:32 by "java_re" with unknown MS VC++:1600

time: Sat Dec 28 21:34:33 2013
elapsed time: 81 seconds

