#
# A fatal error has been detected by the Java Runtime Environment:
#
#  EXCEPTION_ACCESS_VIOLATION (0xc0000005) at pc=0x00000000527166dc, pid=12804, tid=10668
#
# JRE version: 7.0_25-b17
# Java VM: Java HotSpot(TM) 64-Bit Server VM (23.25-b01 mixed mode windows-amd64 compressed oops)
# Problematic frame:
# V  [jvm.dll+0xf66dc]
#
# Failed to write core dump. Minidumps are not enabled by default on client versions of Windows
#
# If you would like to submit a bug report, please visit:
#   http://bugreport.sun.com/bugreport/crash.jsp
#

---------------  T H R E A D  ---------------

Current thread (0x000000000e886000):  JavaThread "AWT-EventQueue-0" [_thread_in_vm, id=10668, stack(0x000000000f450000,0x000000000f550000)]

siginfo: ExceptionCode=0xc0000005, reading address 0x0000000000000000

Registers:
RAX=0x0000000000000000, RBX=0x000000000e886000, RCX=0x0000000000000600, RDX=0x0000000000000000
RSP=0x000000000f54cd70, RBP=0x000000000f54d250, RSI=0x000000000e8861d8, RDI=0x0000000000000000
R8 =0x00000000000006e0, R9 =0x000000000fe8aa70, R10=0x00007ffcd9580000, R11=0x000000000f54ccc0
R12=0x0000000000000000, R13=0x000000077d7d9a40, R14=0x000000000f54d288, R15=0x000000000e886000
RIP=0x00000000527166dc, EFLAGS=0x0000000000010202

Top of Stack: (sp=0x000000000f54cd70)
0x000000000f54cd70:   0000000000000000 000000000f54d250
0x000000000f54cd80:   000000000fe8a458 00007ffcd7031cbc
0x000000000f54cd90:   000000000e886000 0000000000000000
0x000000000f54cda0:   000000077d6d0e30 000000000fe8a458
0x000000000f54cdb0:   00000000028e6473 000000006a44cffc
0x000000000f54cdc0:   000000000fe8a458 000000000f54d250
0x000000000f54cdd0:   000000077d6d0e30 000000000f54d250
0x000000000f54cde0:   0000000000000000 000000006a42cc09
0x000000000f54cdf0:   000000000f54ce80 0000000000dce9b0
0x000000000f54ce00:   000000000fe8aaa0 000000000fe8aaa0
0x000000000f54ce10:   000000000f54d050 000000000f54d050
0x000000000f54ce20:   000000000fe87190 000000000fe871a0
0x000000000f54ce30:   000000000f54cfa0 0000000000000005
0x000000000f54ce40:   000000077d7d9a48 000000077d6d0e30
0x000000000f54ce50:   00000000000000e8 00000000028e6473
0x000000000f54ce60:   000000006a477c80 000000006a479fac 

Instructions: (pc=0x00000000527166dc)
0x00000000527166bc:   89 5c 24 20 48 c7 44 24 28 00 00 00 00 74 0a 48
0x00000000527166cc:   8d 4c 24 20 e8 9b 01 10 00 80 3d bc 66 5a 00 00
0x00000000527166dc:   48 8b 17 74 15 8b 52 08 8b 0d 2e 4e 55 00 48 d3
0x00000000527166ec:   e2 48 03 15 1c 4e 55 00 eb 04 48 8b 52 08 48 8b 


Register to memory mapping:

RAX=0x0000000000000000 is an unknown value
RBX=0x000000000e886000 is a thread
RCX=0x0000000000000600 is an unknown value
RDX=0x0000000000000000 is an unknown value
RSP=0x000000000f54cd70 is pointing into the stack for thread: 0x000000000e886000
RBP=0x000000000f54d250 is pointing into the stack for thread: 0x000000000e886000
RSI=0x000000000e8861d8 is an unknown value
RDI=0x0000000000000000 is an unknown value
R8 =0x00000000000006e0 is an unknown value
R9 =0x000000000fe8aa70 is an unknown value
R10=0x00007ffcd9580000 is an unknown value
R11=0x000000000f54ccc0 is pointing into the stack for thread: 0x000000000e886000
R12=0x0000000000000000 is an unknown value
R13=0x000000077d7d9a40 is an oop
{constMethod} 
 - klass: {other class}
 - method:       0x000000077d7d9a48 {method} 'nativeExtract' '([IZLnet/sf/sevenzipjbinding/IArchiveExtractCallback;)V' in 'net/sf/sevenzipjbinding/impl/InArchiveImpl'
 - exceptions:   0x000000077ce01d50
R14=0x000000000f54d288 is pointing into the stack for thread: 0x000000000e886000
R15=0x000000000e886000 is a thread


Stack: [0x000000000f450000,0x000000000f550000],  sp=0x000000000f54cd70,  free space=1011k
Native frames: (J=compiled Java code, j=interpreted, Vv=VM code, C=native code)
V  [jvm.dll+0xf66dc]
j  net.sf.sevenzipjbinding.impl.InArchiveImpl.extract([IZLnet/sf/sevenzipjbinding/IArchiveExtractCallback;)V+4
j  net.jamcraft.launcher.JamCraftDownload.extractArchive(Ljava/io/File;)V+28
j  net.jamcraft.launcher.JamCraftLauncher$2.actionPerformed(Ljava/awt/event/ActionEvent;)V+38
j  javax.swing.AbstractButton.fireActionPerformed(Ljava/awt/event/ActionEvent;)V+84
j  javax.swing.AbstractButton$Handler.actionPerformed(Ljava/awt/event/ActionEvent;)V+5
j  javax.swing.DefaultButtonModel.fireActionPerformed(Ljava/awt/event/ActionEvent;)V+35
j  javax.swing.DefaultButtonModel.setPressed(Z)V+117
j  javax.swing.plaf.basic.BasicButtonListener.mouseReleased(Ljava/awt/event/MouseEvent;)V+35
j  java.awt.Component.processMouseEvent(Ljava/awt/event/MouseEvent;)V+64
j  javax.swing.JComponent.processMouseEvent(Ljava/awt/event/MouseEvent;)V+23
j  java.awt.Component.processEvent(Ljava/awt/AWTEvent;)V+81
j  java.awt.Container.processEvent(Ljava/awt/AWTEvent;)V+18
j  java.awt.Component.dispatchEventImpl(Ljava/awt/AWTEvent;)V+581
j  java.awt.Container.dispatchEventImpl(Ljava/awt/AWTEvent;)V+42
j  java.awt.Component.dispatchEvent(Ljava/awt/AWTEvent;)V+2
j  java.awt.LightweightDispatcher.retargetMouseEvent(Ljava/awt/Component;ILjava/awt/event/MouseEvent;)V+327
j  java.awt.LightweightDispatcher.processMouseEvent(Ljava/awt/event/MouseEvent;)Z+139
j  java.awt.LightweightDispatcher.dispatchEvent(Ljava/awt/AWTEvent;)Z+50
j  java.awt.Container.dispatchEventImpl(Ljava/awt/AWTEvent;)V+12
j  java.awt.Window.dispatchEventImpl(Ljava/awt/AWTEvent;)V+19
j  java.awt.Component.dispatchEvent(Ljava/awt/AWTEvent;)V+2
j  java.awt.EventQueue.dispatchEventImpl(Ljava/awt/AWTEvent;Ljava/lang/Object;)V+41
j  java.awt.EventQueue.access$200(Ljava/awt/EventQueue;Ljava/awt/AWTEvent;Ljava/lang/Object;)V+3
j  java.awt.EventQueue$3.run()Ljava/lang/Void;+12
j  java.awt.EventQueue$3.run()Ljava/lang/Object;+1
v  ~StubRoutines::call_stub

Java frames: (J=compiled Java code, j=interpreted, Vv=VM code)
j  net.sf.sevenzipjbinding.impl.InArchiveImpl.nativeExtract([IZLnet/sf/sevenzipjbinding/IArchiveExtractCallback;)V+0
j  net.sf.sevenzipjbinding.impl.InArchiveImpl.extract([IZLnet/sf/sevenzipjbinding/IArchiveExtractCallback;)V+4
j  net.jamcraft.launcher.JamCraftDownload.extractArchive(Ljava/io/File;)V+28
j  net.jamcraft.launcher.JamCraftLauncher$2.actionPerformed(Ljava/awt/event/ActionEvent;)V+38
j  javax.swing.AbstractButton.fireActionPerformed(Ljava/awt/event/ActionEvent;)V+84
j  javax.swing.AbstractButton$Handler.actionPerformed(Ljava/awt/event/ActionEvent;)V+5
j  javax.swing.DefaultButtonModel.fireActionPerformed(Ljava/awt/event/ActionEvent;)V+35
j  javax.swing.DefaultButtonModel.setPressed(Z)V+117
j  javax.swing.plaf.basic.BasicButtonListener.mouseReleased(Ljava/awt/event/MouseEvent;)V+35
j  java.awt.Component.processMouseEvent(Ljava/awt/event/MouseEvent;)V+64
j  javax.swing.JComponent.processMouseEvent(Ljava/awt/event/MouseEvent;)V+23
j  java.awt.Component.processEvent(Ljava/awt/AWTEvent;)V+81
j  java.awt.Container.processEvent(Ljava/awt/AWTEvent;)V+18
j  java.awt.Component.dispatchEventImpl(Ljava/awt/AWTEvent;)V+581
j  java.awt.Container.dispatchEventImpl(Ljava/awt/AWTEvent;)V+42
j  java.awt.Component.dispatchEvent(Ljava/awt/AWTEvent;)V+2
j  java.awt.LightweightDispatcher.retargetMouseEvent(Ljava/awt/Component;ILjava/awt/event/MouseEvent;)V+327
j  java.awt.LightweightDispatcher.processMouseEvent(Ljava/awt/event/MouseEvent;)Z+139
j  java.awt.LightweightDispatcher.dispatchEvent(Ljava/awt/AWTEvent;)Z+50
j  java.awt.Container.dispatchEventImpl(Ljava/awt/AWTEvent;)V+12
j  java.awt.Window.dispatchEventImpl(Ljava/awt/AWTEvent;)V+19
j  java.awt.Component.dispatchEvent(Ljava/awt/AWTEvent;)V+2
j  java.awt.EventQueue.dispatchEventImpl(Ljava/awt/AWTEvent;Ljava/lang/Object;)V+41
j  java.awt.EventQueue.access$200(Ljava/awt/EventQueue;Ljava/awt/AWTEvent;Ljava/lang/Object;)V+3
j  java.awt.EventQueue$3.run()Ljava/lang/Void;+12
j  java.awt.EventQueue$3.run()Ljava/lang/Object;+1
v  ~StubRoutines::call_stub
j  java.security.AccessController.doPrivileged(Ljava/security/PrivilegedAction;Ljava/security/AccessControlContext;)Ljava/lang/Object;+0
j  java.security.ProtectionDomain$1.doIntersectionPrivilege(Ljava/security/PrivilegedAction;Ljava/security/AccessControlContext;Ljava/security/AccessControlContext;)Ljava/lang/Object;+28
j  java.security.ProtectionDomain$1.doIntersectionPrivilege(Ljava/security/PrivilegedAction;Ljava/security/AccessControlContext;)Ljava/lang/Object;+6
j  java.awt.EventQueue$4.run()Ljava/lang/Void;+11
j  java.awt.EventQueue$4.run()Ljava/lang/Object;+1
v  ~StubRoutines::call_stub
j  java.security.AccessController.doPrivileged(Ljava/security/PrivilegedAction;Ljava/security/AccessControlContext;)Ljava/lang/Object;+0
j  java.security.ProtectionDomain$1.doIntersectionPrivilege(Ljava/security/PrivilegedAction;Ljava/security/AccessControlContext;Ljava/security/AccessControlContext;)Ljava/lang/Object;+28
j  java.awt.EventQueue.dispatchEvent(Ljava/awt/AWTEvent;)V+73
j  java.awt.EventDispatchThread.pumpOneEventForFilters(I)V+245
j  java.awt.EventDispatchThread.pumpEventsForFilter(ILjava/awt/Conditional;Ljava/awt/EventFilter;)V+35
j  java.awt.EventDispatchThread.pumpEventsForHierarchy(ILjava/awt/Conditional;Ljava/awt/Component;)V+11
j  java.awt.EventDispatchThread.pumpEvents(ILjava/awt/Conditional;)V+4
j  java.awt.EventDispatchThread.pumpEvents(Ljava/awt/Conditional;)V+3
j  java.awt.EventDispatchThread.run()V+9
v  ~StubRoutines::call_stub

---------------  P R O C E S S  ---------------

Java Threads: ( => current thread )
  0x000000000ea99800 JavaThread "TimerQueue" daemon [_thread_blocked, id=9052, stack(0x0000000010430000,0x0000000010530000)]
  0x00000000027e0800 JavaThread "DestroyJavaVM" [_thread_blocked, id=6312, stack(0x00000000026e0000,0x00000000027e0000)]
=>0x000000000e886000 JavaThread "AWT-EventQueue-0" [_thread_in_vm, id=10668, stack(0x000000000f450000,0x000000000f550000)]
  0x000000000e881000 JavaThread "AWT-Windows" daemon [_thread_in_native, id=9304, stack(0x000000000f1f0000,0x000000000f2f0000)]
  0x000000000e880000 JavaThread "AWT-Shutdown" [_thread_blocked, id=10460, stack(0x000000000f0f0000,0x000000000f1f0000)]
  0x000000000e87d000 JavaThread "Java2D Disposer" daemon [_thread_blocked, id=4908, stack(0x000000000eff0000,0x000000000f0f0000)]
  0x000000000bc53800 JavaThread "Service Thread" daemon [_thread_blocked, id=6020, stack(0x000000000e610000,0x000000000e710000)]
  0x000000000bc52800 JavaThread "C2 CompilerThread1" daemon [_thread_blocked, id=8336, stack(0x000000000e510000,0x000000000e610000)]
  0x000000000bc52000 JavaThread "C2 CompilerThread0" daemon [_thread_blocked, id=11332, stack(0x000000000e410000,0x000000000e510000)]
  0x000000000bc40800 JavaThread "JDWP Command Reader" daemon [_thread_in_native, id=12144, stack(0x000000000e310000,0x000000000e410000)]
  0x000000000bc40000 JavaThread "JDWP Event Helper Thread" daemon [_thread_blocked, id=9432, stack(0x000000000e210000,0x000000000e310000)]
  0x000000000bc2b000 JavaThread "JDWP Transport Listener: dt_socket" daemon [_thread_blocked, id=8544, stack(0x000000000e110000,0x000000000e210000)]
  0x000000000bc22800 JavaThread "Attach Listener" daemon [_thread_blocked, id=10880, stack(0x000000000dd30000,0x000000000de30000)]
  0x000000000bc1d800 JavaThread "Signal Dispatcher" daemon [_thread_blocked, id=10828, stack(0x000000000dc30000,0x000000000dd30000)]
  0x000000000bbc1800 JavaThread "Finalizer" daemon [_thread_blocked, id=11380, stack(0x000000000db30000,0x000000000dc30000)]
  0x000000000bbba800 JavaThread "Reference Handler" daemon [_thread_blocked, id=11172, stack(0x000000000da30000,0x000000000db30000)]

Other Threads:
  0x000000000bbb0000 VMThread [stack: 0x000000000d930000,0x000000000da30000] [id=11508]
  0x000000000e728800 WatcherThread [stack: 0x000000000eb10000,0x000000000ec10000] [id=10504]

VM state:not at safepoint (normal execution)

VM Mutex/Monitor currently owned by a thread: None

Heap
 PSYoungGen      total 37632K, used 27374K [0x00000007d6000000, 0x00000007d8a00000, 0x0000000800000000)
  eden space 32256K, 84% used [0x00000007d6000000,0x00000007d7abb928,0x00000007d7f80000)
  from space 5376K, 0% used [0x00000007d84c0000,0x00000007d84c0000,0x00000007d8a00000)
  to   space 5376K, 0% used [0x00000007d7f80000,0x00000007d7f80000,0x00000007d84c0000)
 ParOldGen       total 86016K, used 0K [0x0000000782000000, 0x0000000787400000, 0x00000007d6000000)
  object space 86016K, 0% used [0x0000000782000000,0x0000000782000000,0x0000000787400000)
 PSPermGen       total 21248K, used 10116K [0x000000077ce00000, 0x000000077e2c0000, 0x0000000782000000)
  object space 21248K, 47% used [0x000000077ce00000,0x000000077d7e1010,0x000000077e2c0000)

Card table byte_map: [0x00000000059a0000,0x0000000005dc0000] byte_map_base: 0x0000000001db9000

Polling page: 0x00000000025f0000

Code Cache  [0x00000000028e0000, 0x0000000002b50000, 0x00000000058e0000)
 total_blobs=416 nmethods=9 adapters=367 free_code_cache=48636Kb largest_free_block=49788096

Compilation events (10 events):
Event: 0.899 Thread 0x000000000bc52000    5             java.lang.String::equals (81 bytes)
Event: 0.906 Thread 0x000000000bc52000 nmethod 5 0x00000000029591d0 code [0x0000000002959320, 0x0000000002959618]
Event: 0.912 Thread 0x000000000bc52800    6             java.lang.String::indexOf (70 bytes)
Event: 0.916 Thread 0x000000000bc52800 nmethod 6 0x00000000029577d0 code [0x0000000002957920, 0x0000000002957b08]
Event: 1.006 Thread 0x000000000bc52000    7             java.nio.HeapByteBuffer::_get (7 bytes)
Event: 1.008 Thread 0x000000000bc52000 nmethod 7 0x0000000002957cd0 code [0x0000000002957e00, 0x0000000002957ed8]
Event: 1.105 Thread 0x000000000bc52800    8             java.util.Arrays::binarySearch0 (95 bytes)
Event: 1.115 Thread 0x000000000bc52800 nmethod 8 0x0000000002961dd0 code [0x0000000002961f20, 0x0000000002962358]
Event: 12.763 Thread 0x000000000bc52000    9             java.lang.String::indexOf (166 bytes)
Event: 12.777 Thread 0x000000000bc52000 nmethod 9 0x0000000002964290 code [0x00000000029643e0, 0x0000000002964898]

GC Heap History (0 events):
No events

Deoptimization events (0 events):
No events

Internal exceptions (10 events):
Event: 15.342 Thread 0x000000000e886000 Threw 0x00000007d64383b8 at C:\jdk7u2_64p\jdk7u25\hotspot\src\share\vm\prims\jvm.cpp:1235
Event: 15.345 Thread 0x000000000e886000 Threw 0x00000007d643b8c8 at C:\jdk7u2_64p\jdk7u25\hotspot\src\share\vm\prims\jvm.cpp:1235
Event: 15.551 Thread 0x000000000e886000 Threw 0x00000007d7664d60 at C:\jdk7u2_64p\jdk7u25\hotspot\src\share\vm\prims\jvm.cpp:1235
Event: 15.554 Thread 0x000000000e886000 Threw 0x00000007d7a1c1a0 at C:\jdk7u2_64p\jdk7u25\hotspot\src\share\vm\prims\jvm.cpp:1235
Event: 15.556 Thread 0x000000000e886000 Threw 0x00000007d7a201b0 at C:\jdk7u2_64p\jdk7u25\hotspot\src\share\vm\prims\jvm.cpp:1235
Event: 15.558 Thread 0x000000000e886000 Threw 0x00000007d7a23a60 at C:\jdk7u2_64p\jdk7u25\hotspot\src\share\vm\prims\jvm.cpp:1235
Event: 15.560 Thread 0x000000000e886000 Threw 0x00000007d7a26f58 at C:\jdk7u2_64p\jdk7u25\hotspot\src\share\vm\prims\jvm.cpp:1235
Event: 15.563 Thread 0x000000000e886000 Threw 0x00000007d7a2a038 at C:\jdk7u2_64p\jdk7u25\hotspot\src\share\vm\prims\jvm.cpp:1235
Event: 15.566 Thread 0x000000000e886000 Threw 0x00000007d7a2f4d8 at C:\jdk7u2_64p\jdk7u25\hotspot\src\share\vm\prims\jvm.cpp:1235
Event: 15.568 Thread 0x000000000e886000 Threw 0x00000007d7a32970 at C:\jdk7u2_64p\jdk7u25\hotspot\src\share\vm\prims\jvm.cpp:1235

Events (10 events):
Event: 15.558 loading class 0x000000000ea63e80
Event: 15.558 loading class 0x000000000ea63e80 done
Event: 15.560 loading class 0x000000000ea18820
Event: 15.560 loading class 0x000000000ea18820 done
Event: 15.562 loading class 0x000000000e948260
Event: 15.562 loading class 0x000000000e948260 done
Event: 15.566 loading class 0x000000000ea18560
Event: 15.566 loading class 0x000000000ea18560 done
Event: 15.568 loading class 0x000000000ea18e20
Event: 15.568 loading class 0x000000000ea18e20 done


Dynamic libraries:
0x00007ff6b5380000 - 0x00007ff6b53b3000 	C:\Program Files\Java\jre7\bin\javaw.exe
0x00007ffcd9580000 - 0x00007ffcd9729000 	C:\WINDOWS\SYSTEM32\ntdll.dll
0x00007ffcd73a0000 - 0x00007ffcd74d9000 	C:\WINDOWS\system32\KERNEL32.DLL
0x00007ffcd6d00000 - 0x00007ffcd6e0e000 	C:\WINDOWS\system32\KERNELBASE.dll
0x00007ffcd5510000 - 0x00007ffcd559b000 	C:\WINDOWS\system32\apphelp.dll
0x00007ffccb1f0000 - 0x00007ffccb23f000 	C:\WINDOWS\AppPatch\AppPatch64\AcGenral.DLL
0x00007ffcd7030000 - 0x00007ffcd70d7000 	C:\WINDOWS\system32\msvcrt.dll
0x00007ffcd67b0000 - 0x00007ffcd67db000 	C:\WINDOWS\SYSTEM32\SspiCli.dll
0x00007ffcd8d40000 - 0x00007ffcd8d91000 	C:\WINDOWS\system32\SHLWAPI.dll
0x00007ffcd74e0000 - 0x00007ffcd7651000 	C:\WINDOWS\system32\USER32.dll
0x00007ffcd8e50000 - 0x00007ffcd8fc6000 	C:\WINDOWS\system32\ole32.dll
0x00007ffcd7930000 - 0x00007ffcd8d3f000 	C:\WINDOWS\system32\SHELL32.dll
0x00007ffcd5f90000 - 0x00007ffcd5faf000 	C:\WINDOWS\SYSTEM32\USERENV.dll
0x00007ffcd8da0000 - 0x00007ffcd8e45000 	C:\WINDOWS\system32\ADVAPI32.dll
0x00007ffcd1600000 - 0x00007ffcd161b000 	C:\WINDOWS\SYSTEM32\MPR.dll
0x00007ffcd6ed0000 - 0x00007ffcd7006000 	C:\WINDOWS\system32\RPCRT4.dll
0x00007ffcd7870000 - 0x00007ffcd78c7000 	C:\WINDOWS\SYSTEM32\sechost.dll
0x00007ffcd9340000 - 0x00007ffcd9517000 	C:\WINDOWS\SYSTEM32\combase.dll
0x00007ffcd7100000 - 0x00007ffcd7245000 	C:\WINDOWS\system32\GDI32.dll
0x00007ffcd6900000 - 0x00007ffcd6914000 	C:\WINDOWS\SYSTEM32\profapi.dll
0x00007ffcd4f30000 - 0x00007ffcd4fd1000 	C:\WINDOWS\SYSTEM32\SHCORE.dll
0x00007ffcd8fd0000 - 0x00007ffcd9004000 	C:\WINDOWS\system32\IMM32.DLL
0x00007ffcd9010000 - 0x00007ffcd9148000 	C:\WINDOWS\system32\MSCTF.dll
0x00007ffcd4710000 - 0x00007ffcd496a000 	C:\WINDOWS\WinSxS\amd64_microsoft.windows.common-controls_6595b64144ccf1df_6.0.9600.16384_none_62475f7becb72503\COMCTL32.dll
0x0000000052d30000 - 0x0000000052e01000 	C:\Program Files\Java\jre7\bin\msvcr100.dll
0x0000000052620000 - 0x0000000052d2f000 	C:\Program Files\Java\jre7\bin\server\jvm.dll
0x00007ffcd15f0000 - 0x00007ffcd15f9000 	C:\WINDOWS\SYSTEM32\WSOCK32.dll
0x00007ffccec80000 - 0x00007ffccec9f000 	C:\WINDOWS\SYSTEM32\WINMM.dll
0x00007ffcd7660000 - 0x00007ffcd7667000 	C:\WINDOWS\system32\PSAPI.DLL
0x00007ffcd7810000 - 0x00007ffcd7868000 	C:\WINDOWS\system32\WS2_32.dll
0x00007ffcceb70000 - 0x00007ffcceb9a000 	C:\WINDOWS\SYSTEM32\WINMMBASE.dll
0x00007ffcd9150000 - 0x00007ffcd9159000 	C:\WINDOWS\system32\NSI.dll
0x00007ffcd6bb0000 - 0x00007ffcd6bfa000 	C:\WINDOWS\SYSTEM32\cfgmgr32.dll
0x00007ffcd5640000 - 0x00007ffcd5666000 	C:\WINDOWS\SYSTEM32\DEVOBJ.dll
0x0000000053f70000 - 0x0000000053f7f000 	C:\Program Files\Java\jre7\bin\verify.dll
0x0000000052f40000 - 0x0000000052f68000 	C:\Program Files\Java\jre7\bin\java.dll
0x0000000052e40000 - 0x0000000052e75000 	C:\Program Files\Java\jre7\bin\jdwp.dll
0x0000000053f60000 - 0x0000000053f68000 	C:\Program Files\Java\jre7\bin\npt.dll
0x0000000052f20000 - 0x0000000052f35000 	C:\Program Files\Java\jre7\bin\zip.dll
0x0000000052e30000 - 0x0000000052e39000 	C:\Program Files\Java\jre7\bin\dt_socket.dll
0x00007ffccdb80000 - 0x00007ffccdb94000 	C:\WINDOWS\system32\napinsp.dll
0x00007ffccd4a0000 - 0x00007ffccd4b9000 	C:\WINDOWS\system32\pnrpnsp.dll
0x00007ffcd1e10000 - 0x00007ffcd1e29000 	C:\WINDOWS\system32\NLAapi.dll
0x00007ffcd6230000 - 0x00007ffcd6288000 	C:\WINDOWS\System32\mswsock.dll
0x00007ffcd6040000 - 0x00007ffcd60e3000 	C:\WINDOWS\SYSTEM32\DNSAPI.dll
0x00007ffccd490000 - 0x00007ffccd49c000 	C:\WINDOWS\System32\winrnr.dll
0x0000000054fe0000 - 0x0000000055006000 	C:\Program Files\Bonjour\mdnsNSP.dll
0x00007ffcd1730000 - 0x00007ffcd1759000 	C:\WINDOWS\SYSTEM32\Iphlpapi.DLL
0x00007ffcd1720000 - 0x00007ffcd172a000 	C:\WINDOWS\SYSTEM32\WINNSI.DLL
0x00007ffccd470000 - 0x00007ffccd483000 	C:\WINDOWS\system32\wshbth.dll
0x00007ffcd0530000 - 0x00007ffcd0597000 	C:\WINDOWS\System32\fwpuclnt.dll
0x00007ffccd460000 - 0x00007ffccd469000 	C:\Windows\System32\rasadhlp.dll
0x0000000052480000 - 0x0000000052615000 	C:\Program Files\Java\jre7\bin\awt.dll
0x00007ffcd6e10000 - 0x00007ffcd6ec7000 	C:\WINDOWS\system32\OLEAUT32.dll
0x00007ffcd5670000 - 0x00007ffcd5792000 	C:\WINDOWS\system32\uxtheme.dll
0x00007ffcd4980000 - 0x00007ffcd49a1000 	C:\WINDOWS\system32\dwmapi.dll
0x00007ffcd5630000 - 0x00007ffcd563a000 	C:\WINDOWS\SYSTEM32\kernel.appcore.dll
0x00007ffcd6840000 - 0x00007ffcd684a000 	C:\WINDOWS\SYSTEM32\CRYPTBASE.dll
0x00007ffcd67e0000 - 0x00007ffcd683e000 	C:\WINDOWS\SYSTEM32\bcryptPrimitives.dll
0x0000000052440000 - 0x000000005247f000 	C:\Program Files\Java\jre7\bin\fontmanager.dll
0x00007ffcd72f0000 - 0x00007ffcd7394000 	C:\WINDOWS\SYSTEM32\clbcatq.dll
0x00007ffcd4bc0000 - 0x00007ffcd4d53000 	C:\WINDOWS\SYSTEM32\WindowsCodecs.dll
0x00007ffcd6290000 - 0x00007ffcd62ae000 	C:\WINDOWS\SYSTEM32\CRYPTSP.dll
0x00007ffcd5e80000 - 0x00007ffcd5eb5000 	C:\WINDOWS\system32\rsaenh.dll
0x00007ffcd64c0000 - 0x00007ffcd64e6000 	C:\WINDOWS\SYSTEM32\bcrypt.dll
0x0000000052f00000 - 0x0000000052f19000 	C:\Program Files\Java\jre7\bin\net.dll
0x0000000052ee0000 - 0x0000000052ef1000 	C:\Program Files\Java\jre7\bin\nio.dll
0x00000000523f0000 - 0x0000000052431000 	C:\Program Files\Java\jre7\bin\t2k.dll
0x000000006cec0000 - 0x000000006cf41000 	C:\Users\jamesthollowell\AppData\Local\Temp\SevenZipJBinding-FKPz9\libgcc_s_sjlj-1.dll
0x000000006a2c0000 - 0x000000006a5d7000 	C:\Users\jamesthollowell\AppData\Local\Temp\SevenZipJBinding-FKPz9\lib7-Zip-JBinding.dll
0x00007ffccd110000 - 0x00007ffccd298000 	C:\WINDOWS\SYSTEM32\dbghelp.dll

VM Arguments:
jvm_args: -agentlib:jdwp=transport=dt_socket,suspend=y,address=localhost:55359 -Dfile.encoding=Cp1252 
java_command: net.jamcraft.launcher.JamCraftLauncher
Launcher Type: SUN_STANDARD

Environment Variables:
JAVA_HOME=C:\Program Files\Java\jdk1.7.0_25
PATH=c:\Program Files (x86)\Intel\iCLS Client\;c:\Program Files\Intel\iCLS Client\;C:\WINDOWS\system32;C:\WINDOWS;C:\WINDOWS\System32\Wbem;C:\WINDOWS\System32\WindowsPowerShell\v1.0\;c:\Program Files (x86)\ATI Technologies\ATI.ACE\Core-Static;C:\Program Files\Intel\Intel(R) Management Engine Components\DAL;C:\Program Files\Intel\Intel(R) Management Engine Components\IPT;C:\Program Files (x86)\Intel\Intel(R) Management Engine Components\DAL;C:\Program Files (x86)\Intel\Intel(R) Management Engine Components\IPT;C:\Program Files (x86)\Windows Live\Shared;c:\Program Files (x86)\Microsoft SQL Server\100\Tools\Binn\;c:\Program Files\Microsoft SQL Server\100\Tools\Binn\;c:\Program Files\Microsoft SQL Server\100\DTS\Binn\;C:\Program Files\Microsoft\Web Platform Installer\;C:\Program Files (x86)\Microsoft ASP.NET\ASP.NET Web Pages\v1.0\;C:\Program Files (x86)\Windows Kits\8.0\Windows Performance Toolkit\;C:\Program Files\Microsoft SQL Server\110\Tools\Binn\;C:\cygwin;C:\Program Files\Intel\WiFi\bin\;C:\Program Files\Common Files\Intel\WirelessCommon\;C:\Program Files (x86)\Git\cmd;C:\Users\jamesthollowell\executables (DONT TOUCH)\gradle1.9\bin;C:\Program Files\Intel\WiFi\bin\;C:\Program Files\Common Files\Intel\WirelessCommon\;C:\Users\jamesthollowell\executables (DONT TOUCH)\apache-ant-1.9.2\bin
USERNAME=jthollo
OS=Windows_NT
PROCESSOR_IDENTIFIER=Intel64 Family 6 Model 58 Stepping 9, GenuineIntel



---------------  S Y S T E M  ---------------

OS: Windows 8 , 64 bit Build 9200 

CPU:total 8 (4 cores per cpu, 2 threads per core) family 6 model 58 stepping 9, cmov, cx8, fxsr, mmx, sse, sse2, sse3, ssse3, sse4.1, sse4.2, popcnt, avx, ht, tsc, tscinvbit, tscinv

Memory: 4k page, physical 8254740k(4017836k free), swap 16643348k(11012996k free)

vm_info: Java HotSpot(TM) 64-Bit Server VM (23.25-b01) for windows-amd64 JRE (1.7.0_25-b17), built on Jun 21 2013 12:58:32 by "java_re" with unknown MS VC++:1600

time: Sat Dec 28 21:32:39 2013
elapsed time: 15 seconds

